<?xml version="1.0" encoding="UTF-8"?>
<testsuite xmlns:xsi="http://www.w3.org/2001/XMLSchema-instance" xsi:noNamespaceSchemaLocation="https://maven.apache.org/surefire/maven-surefire-plugin/xsd/surefire-test-report.xsd" version="3.0.2" name="globalcloudmedia.fitsms.FitSMSTest" time="4.791" tests="3" errors="0" skipped="0" failures="0">
  <properties>
[...]
</properties>
  <testcase name="testProfileCheck" classname="globalcloudmedia.fitsms.FitSMSTest" time="1.613">
    <system-out><![CDATA[Profile: {"status":"error","message":"Unauthenticated."}
]]></system-out>
  </testcase>
  <testcase name="testBalanceCheck" classname="globalcloudmedia.fitsms.FitSMSTest" time="1.515">
    <system-out><![CDATA[Balance: {"status":"error","message":"Unauthenticated."}
]]></system-out>
  </testcase>
  <testcase name="testSmsSend" classname="globalcloudmedia.fitsms.FitSMSTest" time="1.646">
    <system-out><![CDATA[Response: {"status":"error","message":"Unauthenticated."}
]]></system-out>
  </testcase>
</testsuite>